<?xml version="1.0" encoding="UTF-8"?>
<!-- Generated by org.testng.reporters.JUnitReportReporter -->
<testsuite skipped="0" hostname="tarique-OptiPlex-3060" name="com.practise.InvocationCountFeature" tests="10" failures="0" timestamp="22 Nov 2020 16:12:19 GMT" time="0.012" errors="0">
  <testcase name="sum" time="0.000" classname="com.practise.InvocationCountFeature"/>
  <testcase name="sum" time="0.006" classname="com.practise.InvocationCountFeature"/>
  <testcase name="sum" time="0.001" classname="com.practise.InvocationCountFeature"/>
  <testcase name="sum" time="0.001" classname="com.practise.InvocationCountFeature"/>
  <testcase name="sum" time="0.000" classname="com.practise.InvocationCountFeature"/>
  <testcase name="sum" time="0.001" classname="com.practise.InvocationCountFeature"/>
  <testcase name="sum" time="0.001" classname="com.practise.InvocationCountFeature"/>
  <testcase name="sum" time="0.001" classname="com.practise.InvocationCountFeature"/>
  <testcase name="sum" time="0.000" classname="com.practise.InvocationCountFeature"/>
  <testcase name="sum" time="0.001" classname="com.practise.InvocationCountFeature"/>
</testsuite> <!-- com.practise.InvocationCountFeature -->
