<?xml version="1.0" encoding="UTF-8"?>
<!-- Generated by org.testng.reporters.JUnitReportReporter -->
<testsuite skipped="0" hostname="tarique-OptiPlex-3060" name="com.practise.ExpectedExceptionFeature" tests="1" failures="0" timestamp="22 Nov 2020 16:41:57 GMT" time="0.006" errors="0">
  <testcase name="test" time="0.006" classname="com.practise.ExpectedExceptionFeature"/>
</testsuite> <!-- com.practise.ExpectedExceptionFeature -->
