<?xml version="1.0" encoding="UTF-8"?>
<!-- Generated by org.testng.reporters.JUnitReportReporter -->
<testsuite skipped="0" hostname="tarique-OptiPlex-3060" name="com.practise.DemoTest" tests="3" failures="0" timestamp="22 Nov 2020 14:30:47 GMT" time="0.006" errors="0">
  <testcase name="googleTitleTest" time="0.004" classname="com.practise.DemoTest"/>
  <testcase name="logo" time="0.002" classname="com.practise.DemoTest"/>
  <testcase name="search" time="0.000" classname="com.practise.DemoTest"/>
</testsuite> <!-- com.practise.DemoTest -->
